22:49:06.353-[DESKTOP-2E42067][sys]-- INFO 9592 --- [           main] com.itheima.MyTest                       : The following 1 profile is active: "dev"
22:49:07.834-[DESKTOP-2E42067][sys]-- INFO 9592 --- [           main] .s.d.r.c.RepositoryConfigurationDelegate : Multiple Spring Data modules found, entering strict repository configuration mode
22:49:07.840-[DESKTOP-2E42067][sys]-- INFO 9592 --- [           main] .s.d.r.c.RepositoryConfigurationDelegate : Bootstrapping Spring Data Redis repositories in DEFAULT mode.
22:49:07.880-[DESKTOP-2E42067][sys]-- INFO 9592 --- [           main] .s.d.r.c.RepositoryConfigurationDelegate : Finished Spring Data repository scanning in 19 ms. Found 0 Redis repository interfaces.
22:49:08.327-[DESKTOP-2E42067][sys]-- INFO 9592 --- [           main] o.s.cloud.context.scope.GenericScope     : BeanFactory id=d30f522a-d09a-3b47-82ca-1ee6e7951cfe
22:49:09.212-[DESKTOP-2E42067][sys]-- INFO 9592 --- [           main] trationDelegate$BeanPostProcessorChecker : Bean 'org.springframework.cloud.commons.config.CommonsConfigAutoConfiguration' of type [org.springframework.cloud.commons.config.CommonsConfigAutoConfiguration] is not eligible for getting processed by all BeanPostProcessors (for example: not eligible for auto-proxying)
22:49:09.216-[DESKTOP-2E42067][sys]-- INFO 9592 --- [           main] trationDelegate$BeanPostProcessorChecker : Bean 'org.springframework.cloud.client.loadbalancer.LoadBalancerDefaultMappingsProviderAutoConfiguration' of type [org.springframework.cloud.client.loadbalancer.LoadBalancerDefaultMappingsProviderAutoConfiguration] is not eligible for getting processed by all BeanPostProcessors (for example: not eligible for auto-proxying)
22:49:09.219-[DESKTOP-2E42067][sys]-- INFO 9592 --- [           main] trationDelegate$BeanPostProcessorChecker : Bean 'loadBalancerClientsDefaultsMappingsProvider' of type [org.springframework.cloud.client.loadbalancer.LoadBalancerDefaultMappingsProviderAutoConfiguration$$Lambda$916/0x0000000800725840] is not eligible for getting processed by all BeanPostProcessors (for example: not eligible for auto-proxying)
22:49:09.227-[DESKTOP-2E42067][sys]-- INFO 9592 --- [           main] trationDelegate$BeanPostProcessorChecker : Bean 'defaultsBindHandlerAdvisor' of type [org.springframework.cloud.commons.config.DefaultsBindHandlerAdvisor] is not eligible for getting processed by all BeanPostProcessors (for example: not eligible for auto-proxying)
22:49:09.274-[DESKTOP-2E42067][sys]-- INFO 9592 --- [           main] trationDelegate$BeanPostProcessorChecker : Bean 'spring.cloud.sentinel-com.alibaba.cloud.sentinel.SentinelProperties' of type [com.alibaba.cloud.sentinel.SentinelProperties] is not eligible for getting processed by all BeanPostProcessors (for example: not eligible for auto-proxying)
22:49:09.279-[DESKTOP-2E42067][sys]-- INFO 9592 --- [           main] trationDelegate$BeanPostProcessorChecker : Bean 'com.alibaba.cloud.sentinel.custom.SentinelAutoConfiguration' of type [com.alibaba.cloud.sentinel.custom.SentinelAutoConfiguration] is not eligible for getting processed by all BeanPostProcessors (for example: not eligible for auto-proxying)
22:49:11.472-[DESKTOP-2E42067][sys]-- INFO 9592 --- [           main] o.s.c.openfeign.FeignClientFactoryBean   : For 'user-service' URL not provided. Will try picking an instance via load-balancing.
22:49:11.991-[DESKTOP-2E42067][sys]-- INFO 9592 --- [           main] o.s.c.openfeign.FeignClientFactoryBean   : For 'search-service' URL not provided. Will try picking an instance via load-balancing.
22:49:12.019-[DESKTOP-2E42067][sys]-- INFO 9592 --- [           main] o.s.c.openfeign.FeignClientFactoryBean   : For 'course-service' URL not provided. Will try picking an instance via load-balancing.
22:49:12.062-[DESKTOP-2E42067][sys]-- INFO 9592 --- [           main] o.s.c.openfeign.FeignClientFactoryBean   : For 'course-service' URL not provided. Will try picking an instance via load-balancing.
22:49:12.157-[DESKTOP-2E42067][sys]-- INFO 9592 --- [           main] o.s.c.openfeign.FeignClientFactoryBean   : For 'course-service' URL not provided. Will try picking an instance via load-balancing.
22:49:13.326-[DESKTOP-2E42067][sys]-- INFO 9592 --- [           main] c.t.l.u.LearningRecordDelayTaskHandler   : LearningRecordDelayTaskHandler init执行
22:49:14.373-[DESKTOP-2E42067][sys]-- INFO 9592 --- [           main] c.a.c.sentinel.SentinelWebMvcConfigurer  : [Sentinel Starter] register SentinelWebInterceptor with urlPatterns: [/**].
22:49:15.758-[DESKTOP-2E42067][sys]-- INFO 9592 --- [           main] o.s.c.openfeign.FeignClientFactoryBean   : For 'auth-service' URL not provided. Will try picking an instance via load-balancing.
22:49:15.879-[DESKTOP-2E42067][sys]--DEBUG 9592 --- [           main] c.t.c.a.redisson.RedissonConfig          : 尝试初始化RedissonClient
22:49:16.008-[DESKTOP-2E42067][sys]-- INFO 9592 --- [           main] org.redisson.Version                     : Redisson 3.13.6
22:49:16.565-[DESKTOP-2E42067][sys]-- INFO 9592 --- [sson-netty-4-22] o.r.c.pool.MasterPubSubConnectionPool    : 1 connections initialized for /192.168.150.101:6379
22:49:16.609-[DESKTOP-2E42067][sys]-- INFO 9592 --- [sson-netty-4-18] o.r.c.pool.MasterConnectionPool          : 24 connections initialized for /192.168.150.101:6379
22:49:16.678-[DESKTOP-2E42067][sys]-- INFO 9592 --- [           main] c.t.c.autoconfigure.xxljob.XxlJobConfig  : >>>>>>>>>>> xxl-job config init.
22:49:16.680-[DESKTOP-2E42067][sys]-- INFO 9592 --- [           main] c.t.c.autoconfigure.xxljob.XxlJobConfig  : >>>>>>>>>>> xxl-job config end.
22:49:18.600-[DESKTOP-2E42067][sys]-- INFO 9592 --- [           main] o.s.cloud.commons.util.InetUtils         : Cannot determine local hostname
22:49:18.996-[DESKTOP-2E42067][sys]-- INFO 9592 --- [           main] o.s.c.openfeign.FeignClientFactoryBean   : For 'course-service' URL not provided. Will try picking an instance via load-balancing.
22:49:19.017-[DESKTOP-2E42067][sys]-- INFO 9592 --- [           main] o.s.c.openfeign.FeignClientFactoryBean   : For 'exam-service' URL not provided. Will try picking an instance via load-balancing.
22:49:19.047-[DESKTOP-2E42067][sys]-- INFO 9592 --- [           main] o.s.c.openfeign.FeignClientFactoryBean   : For 'learning-service' URL not provided. Will try picking an instance via load-balancing.
22:49:19.070-[DESKTOP-2E42067][sys]-- INFO 9592 --- [           main] o.s.c.openfeign.FeignClientFactoryBean   : For 'remark-service' URL not provided. Will try picking an instance via load-balancing.
22:49:19.091-[DESKTOP-2E42067][sys]-- INFO 9592 --- [           main] o.s.c.openfeign.FeignClientFactoryBean   : For 'trade-service' URL not provided. Will try picking an instance via load-balancing.
22:49:19.164-[DESKTOP-2E42067][sys]-- WARN 9592 --- [           main] c.x.j.core.thread.TriggerCallbackThread  : >>>>>>>>>>> xxl-job, executor callback config fail, adminAddresses is null.
22:49:19.165-[DESKTOP-2E42067][sys]-- INFO 9592 --- [           main] com.xxl.job.core.util.NetUtil            : >>>>>>>>>>> xxl-job, port[9999] is in use.
22:49:19.166-[DESKTOP-2E42067][sys]-- INFO 9592 --- [           main] com.xxl.job.core.util.NetUtil            : >>>>>>>>>>> xxl-job, port[10000] is in use.
22:49:19.169-[DESKTOP-2E42067][sys]-- WARN 9592 --- [           main] c.xxl.job.core.executor.XxlJobExecutor   : >>>>>>>>>>> xxl-job accessToken is empty. To ensure system security, please set the accessToken.
22:49:19.263-[DESKTOP-2E42067][sys]-- INFO 9592 --- [       Thread-9] com.xxl.job.core.server.EmbedServer      : >>>>>>>>>>> xxl-job remoting server start success, nettype = class com.xxl.job.core.server.EmbedServer, port = 10001
22:49:19.265-[DESKTOP-2E42067][sys]-- WARN 9592 --- [       Thread-9] c.x.j.c.thread.ExecutorRegistryThread    : >>>>>>>>>>> xxl-job, executor registry config fail, appname is null.
22:49:19.292-[DESKTOP-2E42067][sys]-- INFO 9592 --- [           main] com.alibaba.nacos.client.naming          : initializer namespace from System Property :null
22:49:19.293-[DESKTOP-2E42067][sys]-- INFO 9592 --- [           main] com.alibaba.nacos.client.naming          : initializer namespace from System Environment :null
22:49:19.294-[DESKTOP-2E42067][sys]-- INFO 9592 --- [           main] com.alibaba.nacos.client.naming          : initializer namespace from System Property :null
22:49:19.347-[DESKTOP-2E42067][sys]-- INFO 9592 --- [           main] com.alibaba.nacos.client.naming          : new ips(1) service: DEFAULT_GROUP@@learning-service@@DEFAULT -> [{"instanceId":"192.168.150.1#8090#DEFAULT#DEFAULT_GROUP@@learning-service","ip":"192.168.150.1","port":8090,"weight":1.0,"healthy":true,"enabled":true,"ephemeral":true,"clusterName":"DEFAULT","serviceName":"DEFAULT_GROUP@@learning-service","metadata":{"preserved.register.source":"SPRING_CLOUD"},"ipDeleteTimeout":30000,"instanceHeartBeatInterval":5000,"instanceHeartBeatTimeOut":15000}]
22:49:19.355-[DESKTOP-2E42067][sys]-- INFO 9592 --- [           main] com.alibaba.nacos.client.naming          : current ips:(1) service: DEFAULT_GROUP@@learning-service@@DEFAULT -> [{"instanceId":"192.168.150.1#8090#DEFAULT#DEFAULT_GROUP@@learning-service","ip":"192.168.150.1","port":8090,"weight":1.0,"healthy":true,"enabled":true,"ephemeral":true,"clusterName":"DEFAULT","serviceName":"DEFAULT_GROUP@@learning-service","metadata":{"preserved.register.source":"SPRING_CLOUD"},"ipDeleteTimeout":30000,"instanceHeartBeatInterval":5000,"instanceHeartBeatTimeOut":15000}]
22:49:19.836-[DESKTOP-2E42067][sys]-- INFO 9592 --- [g.push.receiver] com.alibaba.nacos.client.naming          : received push data: {"type":"dom","data":"{\"name\":\"DEFAULT_GROUP@@learning-service\",\"clusters\":\"DEFAULT\",\"cacheMillis\":10000,\"hosts\":[{\"instanceId\":\"192.168.150.1#8090#DEFAULT#DEFAULT_GROUP@@learning-service\",\"ip\":\"192.168.150.1\",\"port\":8090,\"weight\":1.0,\"healthy\":true,\"enabled\":true,\"ephemeral\":true,\"clusterName\":\"DEFAULT\",\"serviceName\":\"DEFAULT_GROUP@@learning-service\",\"metadata\":{\"preserved.register.source\":\"SPRING_CLOUD\"},\"instanceHeartBeatInterval\":5000,\"instanceHeartBeatTimeOut\":15000,\"ipDeleteTimeout\":30000}],\"lastRefTime\":1736174960008,\"checksum\":\"\",\"allIPs\":false,\"reachProtectionThreshold\":false,\"valid\":true}","lastRefTime":29755890359282} from /192.168.150.101
22:49:20.051-[DESKTOP-2E42067][sys]-- INFO 9592 --- [           main] o.s.a.r.c.CachingConnectionFactory       : Attempting to connect to: [192.168.150.101:5672]
22:49:20.150-[DESKTOP-2E42067][sys]-- INFO 9592 --- [           main] o.s.a.r.c.CachingConnectionFactory       : Created new connection: rabbitConnectionFactory#326d39fd:0/SimpleConnection@2554bfa [delegate=amqp://tjxt@192.168.150.101:5672//tjxt, localPort= 64583]
22:49:20.269-[DESKTOP-2E42067][sys]-- INFO 9592 --- [           main] com.itheima.MyTest                       : Started MyTest in 18.439 seconds (JVM running for 19.787)
22:49:20.275-[DESKTOP-2E42067][sys]-- INFO 9592 --- [           main] c.a.n.client.config.impl.ClientWorker    : [fixed-192.168.150.101_8848] [subscribe] learning-service-dev.yaml+DEFAULT_GROUP
22:49:20.276-[DESKTOP-2E42067][sys]-- INFO 9592 --- [           main] c.a.nacos.client.config.impl.CacheData   : [fixed-192.168.150.101_8848] [add-listener] ok, tenant=, dataId=learning-service-dev.yaml, group=DEFAULT_GROUP, cnt=1
22:49:20.277-[DESKTOP-2E42067][sys]-- INFO 9592 --- [           main] c.a.c.n.refresh.NacosContextRefresher    : listening config: dataId=learning-service-dev.yaml, group=DEFAULT_GROUP
22:49:20.277-[DESKTOP-2E42067][sys]-- INFO 9592 --- [           main] c.a.n.client.config.impl.ClientWorker    : [fixed-192.168.150.101_8848] [subscribe] learning-service.yaml+DEFAULT_GROUP
22:49:20.278-[DESKTOP-2E42067][sys]-- INFO 9592 --- [           main] c.a.nacos.client.config.impl.CacheData   : [fixed-192.168.150.101_8848] [add-listener] ok, tenant=, dataId=learning-service.yaml, group=DEFAULT_GROUP, cnt=1
22:49:20.278-[DESKTOP-2E42067][sys]-- INFO 9592 --- [           main] c.a.c.n.refresh.NacosContextRefresher    : listening config: dataId=learning-service.yaml, group=DEFAULT_GROUP
22:49:20.278-[DESKTOP-2E42067][sys]-- INFO 9592 --- [           main] c.a.n.client.config.impl.ClientWorker    : [fixed-192.168.150.101_8848] [subscribe] learning-service+DEFAULT_GROUP
22:49:20.278-[DESKTOP-2E42067][sys]-- INFO 9592 --- [           main] c.a.nacos.client.config.impl.CacheData   : [fixed-192.168.150.101_8848] [add-listener] ok, tenant=, dataId=learning-service, group=DEFAULT_GROUP, cnt=1
22:49:20.278-[DESKTOP-2E42067][sys]-- INFO 9592 --- [           main] c.a.c.n.refresh.NacosContextRefresher    : listening config: dataId=learning-service, group=DEFAULT_GROUP
22:49:20.888-[DESKTOP-2E42067][sys]-- INFO 9592 --- [           main] com.zaxxer.hikari.HikariDataSource       : HikariPool-1 - Starting...
22:49:21.198-[DESKTOP-2E42067][sys]-- INFO 9592 --- [           main] com.zaxxer.hikari.HikariDataSource       : HikariPool-1 - Start completed.
22:49:21.207-[DESKTOP-2E42067][sys]--DEBUG 9592 --- [           main] c.t.l.mapper.PointsBoardMapper.insert    : ==>  Preparing: INSERT INTO points_board ( id, user_id, points ) VALUES ( ?, ?, ? )
22:49:21.239-[DESKTOP-2E42067][sys]--DEBUG 9592 --- [           main] c.t.l.mapper.PointsBoardMapper.insert    : ==> Parameters: 1(Long), 2(Long), 100(Integer)
22:49:21.347-[DESKTOP-2E42067][sys]-- WARN 9592 --- [      Thread-15] c.a.nacos.common.notify.NotifyCenter     : [NotifyCenter] Start destroying Publisher
22:49:21.347-[DESKTOP-2E42067][sys]-- WARN 9592 --- [      Thread-15] c.a.nacos.common.notify.NotifyCenter     : [NotifyCenter] Destruction of the end
22:49:21.348-[DESKTOP-2E42067][sys]-- WARN 9592 --- [       Thread-1] c.a.n.common.http.HttpClientBeanHolder   : [HttpClientBeanHolder] Start destroying common HttpClient
22:49:21.349-[DESKTOP-2E42067][sys]-- WARN 9592 --- [       Thread-1] c.a.n.common.http.HttpClientBeanHolder   : [HttpClientBeanHolder] Destruction of the end
22:49:21.357-[DESKTOP-2E42067][sys]-- INFO 9592 --- [ntContainer#0-2] o.s.a.r.l.SimpleMessageListenerContainer : Waiting for workers to finish.
22:49:21.359-[DESKTOP-2E42067][sys]-- INFO 9592 --- [ntContainer#1-2] o.s.a.r.l.SimpleMessageListenerContainer : Waiting for workers to finish.
22:49:21.361-[DESKTOP-2E42067][sys]-- INFO 9592 --- [ntContainer#2-2] o.s.a.r.l.SimpleMessageListenerContainer : Waiting for workers to finish.
22:49:21.362-[DESKTOP-2E42067][sys]-- INFO 9592 --- [ntContainer#3-2] o.s.a.r.l.SimpleMessageListenerContainer : Waiting for workers to finish.
22:49:22.248-[DESKTOP-2E42067][sys]-- INFO 9592 --- [ntContainer#0-2] o.s.a.r.l.SimpleMessageListenerContainer : Successfully waited for workers to finish.
22:49:22.248-[DESKTOP-2E42067][sys]-- INFO 9592 --- [ntContainer#1-2] o.s.a.r.l.SimpleMessageListenerContainer : Successfully waited for workers to finish.
22:49:22.275-[DESKTOP-2E42067][sys]-- INFO 9592 --- [ntContainer#3-2] o.s.a.r.l.SimpleMessageListenerContainer : Successfully waited for workers to finish.
22:49:22.276-[DESKTOP-2E42067][sys]-- INFO 9592 --- [ntContainer#2-2] o.s.a.r.l.SimpleMessageListenerContainer : Successfully waited for workers to finish.
22:49:22.282-[DESKTOP-2E42067][sys]-- INFO 9592 --- [ionShutdownHook] com.xxl.job.core.server.EmbedServer      : >>>>>>>>>>> xxl-job remoting server destroy success.
22:49:22.282-[DESKTOP-2E42067][sys]-- INFO 9592 --- [       Thread-9] com.xxl.job.core.server.EmbedServer      : >>>>>>>>>>> xxl-job remoting server stop.
22:49:22.323-[DESKTOP-2E42067][sys]-- INFO 9592 --- [ionShutdownHook] com.alibaba.nacos.client.naming          : com.alibaba.nacos.client.naming.beat.BeatReactor do shutdown begin
22:49:22.324-[DESKTOP-2E42067][sys]-- INFO 9592 --- [ionShutdownHook] com.alibaba.nacos.client.naming          : com.alibaba.nacos.client.naming.beat.BeatReactor do shutdown stop
22:49:22.324-[DESKTOP-2E42067][sys]-- INFO 9592 --- [ionShutdownHook] com.alibaba.nacos.client.naming          : com.alibaba.nacos.client.naming.core.HostReactor do shutdown begin
22:49:25.351-[DESKTOP-2E42067][sys]-- INFO 9592 --- [ionShutdownHook] com.alibaba.nacos.client.naming          : com.alibaba.nacos.client.naming.core.PushReceiver do shutdown begin
22:49:28.382-[DESKTOP-2E42067][sys]-- INFO 9592 --- [ionShutdownHook] com.alibaba.nacos.client.naming          : com.alibaba.nacos.client.naming.core.PushReceiver do shutdown stop
22:49:28.383-[DESKTOP-2E42067][sys]-- INFO 9592 --- [ionShutdownHook] com.alibaba.nacos.client.naming          : com.alibaba.nacos.client.naming.backups.FailoverReactor do shutdown begin
22:49:29.320-[DESKTOP-2E42067][sys]-- INFO 9592 --- [ionShutdownHook] com.alibaba.nacos.client.naming          : com.alibaba.nacos.client.naming.backups.FailoverReactor do shutdown stop
22:49:29.321-[DESKTOP-2E42067][sys]-- INFO 9592 --- [ionShutdownHook] com.alibaba.nacos.client.naming          : com.alibaba.nacos.client.naming.core.HostReactor do shutdown stop
22:49:29.321-[DESKTOP-2E42067][sys]-- INFO 9592 --- [ionShutdownHook] com.alibaba.nacos.client.naming          : com.alibaba.nacos.client.naming.net.NamingProxy do shutdown begin
22:49:29.322-[DESKTOP-2E42067][sys]-- WARN 9592 --- [ionShutdownHook] com.alibaba.nacos.client.naming          : [NamingHttpClientManager] Start destroying NacosRestTemplate
22:49:29.322-[DESKTOP-2E42067][sys]-- WARN 9592 --- [ionShutdownHook] com.alibaba.nacos.client.naming          : [NamingHttpClientManager] Destruction of the end
22:49:29.322-[DESKTOP-2E42067][sys]-- INFO 9592 --- [ionShutdownHook] c.a.n.client.identify.CredentialWatcher  : [null] CredentialWatcher is stopped
22:49:29.323-[DESKTOP-2E42067][sys]-- INFO 9592 --- [ionShutdownHook] c.a.n.client.identify.CredentialService  : [null] CredentialService is freed
22:49:29.323-[DESKTOP-2E42067][sys]-- INFO 9592 --- [ionShutdownHook] com.alibaba.nacos.client.naming          : com.alibaba.nacos.client.naming.net.NamingProxy do shutdown stop
22:49:29.348-[DESKTOP-2E42067][sys]--DEBUG 9592 --- [ionShutdownHook] c.t.l.u.LearningRecordDelayTaskHandler   : 关闭学习记录处理的延迟任务
22:49:29.358-[DESKTOP-2E42067][sys]-- INFO 9592 --- [ionShutdownHook] o.s.a.r.l.SimpleMessageListenerContainer : Shutdown ignored - container is already stopped
22:49:29.358-[DESKTOP-2E42067][sys]-- INFO 9592 --- [ionShutdownHook] o.s.a.r.l.SimpleMessageListenerContainer : Shutdown ignored - container is already stopped
22:49:29.359-[DESKTOP-2E42067][sys]-- INFO 9592 --- [ionShutdownHook] o.s.a.r.l.SimpleMessageListenerContainer : Shutdown ignored - container is already stopped
22:49:29.359-[DESKTOP-2E42067][sys]-- INFO 9592 --- [ionShutdownHook] o.s.a.r.l.SimpleMessageListenerContainer : Shutdown ignored - container is already stopped
22:49:29.362-[DESKTOP-2E42067][sys]-- INFO 9592 --- [ionShutdownHook] com.zaxxer.hikari.HikariDataSource       : HikariPool-1 - Shutdown initiated...
22:49:29.377-[DESKTOP-2E42067][sys]-- INFO 9592 --- [ionShutdownHook] com.zaxxer.hikari.HikariDataSource       : HikariPool-1 - Shutdown completed.
22:52:30.098-[DESKTOP-2E42067][sys]-- INFO 25636 --- [           main] com.itheima.MyTest                       : The following 1 profile is active: "dev"
22:52:31.846-[DESKTOP-2E42067][sys]-- INFO 25636 --- [           main] .s.d.r.c.RepositoryConfigurationDelegate : Multiple Spring Data modules found, entering strict repository configuration mode
22:52:31.854-[DESKTOP-2E42067][sys]-- INFO 25636 --- [           main] .s.d.r.c.RepositoryConfigurationDelegate : Bootstrapping Spring Data Redis repositories in DEFAULT mode.
22:52:31.936-[DESKTOP-2E42067][sys]-- INFO 25636 --- [           main] .s.d.r.c.RepositoryConfigurationDelegate : Finished Spring Data repository scanning in 40 ms. Found 0 Redis repository interfaces.
22:52:32.873-[DESKTOP-2E42067][sys]-- INFO 25636 --- [           main] o.s.cloud.context.scope.GenericScope     : BeanFactory id=d30f522a-d09a-3b47-82ca-1ee6e7951cfe
22:52:34.130-[DESKTOP-2E42067][sys]-- INFO 25636 --- [           main] trationDelegate$BeanPostProcessorChecker : Bean 'org.springframework.cloud.commons.config.CommonsConfigAutoConfiguration' of type [org.springframework.cloud.commons.config.CommonsConfigAutoConfiguration] is not eligible for getting processed by all BeanPostProcessors (for example: not eligible for auto-proxying)
22:52:34.136-[DESKTOP-2E42067][sys]-- INFO 25636 --- [           main] trationDelegate$BeanPostProcessorChecker : Bean 'org.springframework.cloud.client.loadbalancer.LoadBalancerDefaultMappingsProviderAutoConfiguration' of type [org.springframework.cloud.client.loadbalancer.LoadBalancerDefaultMappingsProviderAutoConfiguration] is not eligible for getting processed by all BeanPostProcessors (for example: not eligible for auto-proxying)
22:52:34.142-[DESKTOP-2E42067][sys]-- INFO 25636 --- [           main] trationDelegate$BeanPostProcessorChecker : Bean 'loadBalancerClientsDefaultsMappingsProvider' of type [org.springframework.cloud.client.loadbalancer.LoadBalancerDefaultMappingsProviderAutoConfiguration$$Lambda$916/0x0000000800725840] is not eligible for getting processed by all BeanPostProcessors (for example: not eligible for auto-proxying)
22:52:34.153-[DESKTOP-2E42067][sys]-- INFO 25636 --- [           main] trationDelegate$BeanPostProcessorChecker : Bean 'defaultsBindHandlerAdvisor' of type [org.springframework.cloud.commons.config.DefaultsBindHandlerAdvisor] is not eligible for getting processed by all BeanPostProcessors (for example: not eligible for auto-proxying)
22:52:34.220-[DESKTOP-2E42067][sys]-- INFO 25636 --- [           main] trationDelegate$BeanPostProcessorChecker : Bean 'spring.cloud.sentinel-com.alibaba.cloud.sentinel.SentinelProperties' of type [com.alibaba.cloud.sentinel.SentinelProperties] is not eligible for getting processed by all BeanPostProcessors (for example: not eligible for auto-proxying)
22:52:34.228-[DESKTOP-2E42067][sys]-- INFO 25636 --- [           main] trationDelegate$BeanPostProcessorChecker : Bean 'com.alibaba.cloud.sentinel.custom.SentinelAutoConfiguration' of type [com.alibaba.cloud.sentinel.custom.SentinelAutoConfiguration] is not eligible for getting processed by all BeanPostProcessors (for example: not eligible for auto-proxying)
22:52:37.252-[DESKTOP-2E42067][sys]-- INFO 25636 --- [           main] o.s.c.openfeign.FeignClientFactoryBean   : For 'user-service' URL not provided. Will try picking an instance via load-balancing.
22:52:37.872-[DESKTOP-2E42067][sys]-- INFO 25636 --- [           main] o.s.c.openfeign.FeignClientFactoryBean   : For 'search-service' URL not provided. Will try picking an instance via load-balancing.
22:52:37.907-[DESKTOP-2E42067][sys]-- INFO 25636 --- [           main] o.s.c.openfeign.FeignClientFactoryBean   : For 'course-service' URL not provided. Will try picking an instance via load-balancing.
22:52:37.961-[DESKTOP-2E42067][sys]-- INFO 25636 --- [           main] o.s.c.openfeign.FeignClientFactoryBean   : For 'course-service' URL not provided. Will try picking an instance via load-balancing.
22:52:38.080-[DESKTOP-2E42067][sys]-- INFO 25636 --- [           main] o.s.c.openfeign.FeignClientFactoryBean   : For 'course-service' URL not provided. Will try picking an instance via load-balancing.
22:52:39.572-[DESKTOP-2E42067][sys]-- INFO 25636 --- [           main] c.t.l.u.LearningRecordDelayTaskHandler   : LearningRecordDelayTaskHandler init执行
22:52:40.903-[DESKTOP-2E42067][sys]-- INFO 25636 --- [           main] c.a.c.sentinel.SentinelWebMvcConfigurer  : [Sentinel Starter] register SentinelWebInterceptor with urlPatterns: [/**].
22:52:42.647-[DESKTOP-2E42067][sys]-- INFO 25636 --- [           main] o.s.c.openfeign.FeignClientFactoryBean   : For 'auth-service' URL not provided. Will try picking an instance via load-balancing.
22:52:42.782-[DESKTOP-2E42067][sys]--DEBUG 25636 --- [           main] c.t.c.a.redisson.RedissonConfig          : 尝试初始化RedissonClient
22:52:42.963-[DESKTOP-2E42067][sys]-- INFO 25636 --- [           main] org.redisson.Version                     : Redisson 3.13.6
22:52:43.803-[DESKTOP-2E42067][sys]-- INFO 25636 --- [sson-netty-4-13] o.r.c.pool.MasterPubSubConnectionPool    : 1 connections initialized for /192.168.150.101:6379
22:52:43.854-[DESKTOP-2E42067][sys]-- INFO 25636 --- [sson-netty-4-17] o.r.c.pool.MasterConnectionPool          : 24 connections initialized for /192.168.150.101:6379
22:52:43.965-[DESKTOP-2E42067][sys]-- INFO 25636 --- [           main] c.t.c.autoconfigure.xxljob.XxlJobConfig  : >>>>>>>>>>> xxl-job config init.
22:52:43.967-[DESKTOP-2E42067][sys]-- INFO 25636 --- [           main] c.t.c.autoconfigure.xxljob.XxlJobConfig  : >>>>>>>>>>> xxl-job config end.
22:52:46.343-[DESKTOP-2E42067][sys]-- INFO 25636 --- [           main] o.s.cloud.commons.util.InetUtils         : Cannot determine local hostname
22:52:46.729-[DESKTOP-2E42067][sys]-- INFO 25636 --- [           main] o.s.c.openfeign.FeignClientFactoryBean   : For 'course-service' URL not provided. Will try picking an instance via load-balancing.
22:52:46.757-[DESKTOP-2E42067][sys]-- INFO 25636 --- [           main] o.s.c.openfeign.FeignClientFactoryBean   : For 'exam-service' URL not provided. Will try picking an instance via load-balancing.
22:52:46.793-[DESKTOP-2E42067][sys]-- INFO 25636 --- [           main] o.s.c.openfeign.FeignClientFactoryBean   : For 'learning-service' URL not provided. Will try picking an instance via load-balancing.
22:52:46.826-[DESKTOP-2E42067][sys]-- INFO 25636 --- [           main] o.s.c.openfeign.FeignClientFactoryBean   : For 'remark-service' URL not provided. Will try picking an instance via load-balancing.
22:52:46.856-[DESKTOP-2E42067][sys]-- INFO 25636 --- [           main] o.s.c.openfeign.FeignClientFactoryBean   : For 'trade-service' URL not provided. Will try picking an instance via load-balancing.
22:52:46.941-[DESKTOP-2E42067][sys]-- WARN 25636 --- [           main] c.x.j.core.thread.TriggerCallbackThread  : >>>>>>>>>>> xxl-job, executor callback config fail, adminAddresses is null.
22:52:46.943-[DESKTOP-2E42067][sys]-- INFO 25636 --- [           main] com.xxl.job.core.util.NetUtil            : >>>>>>>>>>> xxl-job, port[9999] is in use.
22:52:46.943-[DESKTOP-2E42067][sys]-- INFO 25636 --- [           main] com.xxl.job.core.util.NetUtil            : >>>>>>>>>>> xxl-job, port[10000] is in use.
22:52:46.946-[DESKTOP-2E42067][sys]-- WARN 25636 --- [           main] c.xxl.job.core.executor.XxlJobExecutor   : >>>>>>>>>>> xxl-job accessToken is empty. To ensure system security, please set the accessToken.
22:52:47.016-[DESKTOP-2E42067][sys]-- INFO 25636 --- [       Thread-9] com.xxl.job.core.server.EmbedServer      : >>>>>>>>>>> xxl-job remoting server start success, nettype = class com.xxl.job.core.server.EmbedServer, port = 10001
22:52:47.018-[DESKTOP-2E42067][sys]-- WARN 25636 --- [       Thread-9] c.x.j.c.thread.ExecutorRegistryThread    : >>>>>>>>>>> xxl-job, executor registry config fail, appname is null.
22:52:47.056-[DESKTOP-2E42067][sys]-- INFO 25636 --- [           main] com.alibaba.nacos.client.naming          : initializer namespace from System Property :null
22:52:47.057-[DESKTOP-2E42067][sys]-- INFO 25636 --- [           main] com.alibaba.nacos.client.naming          : initializer namespace from System Environment :null
22:52:47.058-[DESKTOP-2E42067][sys]-- INFO 25636 --- [           main] com.alibaba.nacos.client.naming          : initializer namespace from System Property :null
22:52:47.126-[DESKTOP-2E42067][sys]-- INFO 25636 --- [           main] com.alibaba.nacos.client.naming          : new ips(1) service: DEFAULT_GROUP@@learning-service@@DEFAULT -> [{"instanceId":"192.168.150.1#8090#DEFAULT#DEFAULT_GROUP@@learning-service","ip":"192.168.150.1","port":8090,"weight":1.0,"healthy":true,"enabled":true,"ephemeral":true,"clusterName":"DEFAULT","serviceName":"DEFAULT_GROUP@@learning-service","metadata":{"preserved.register.source":"SPRING_CLOUD"},"ipDeleteTimeout":30000,"instanceHeartBeatInterval":5000,"instanceHeartBeatTimeOut":15000}]
22:52:47.134-[DESKTOP-2E42067][sys]-- INFO 25636 --- [           main] com.alibaba.nacos.client.naming          : current ips:(1) service: DEFAULT_GROUP@@learning-service@@DEFAULT -> [{"instanceId":"192.168.150.1#8090#DEFAULT#DEFAULT_GROUP@@learning-service","ip":"192.168.150.1","port":8090,"weight":1.0,"healthy":true,"enabled":true,"ephemeral":true,"clusterName":"DEFAULT","serviceName":"DEFAULT_GROUP@@learning-service","metadata":{"preserved.register.source":"SPRING_CLOUD"},"ipDeleteTimeout":30000,"instanceHeartBeatInterval":5000,"instanceHeartBeatTimeOut":15000}]
22:52:47.699-[DESKTOP-2E42067][sys]-- INFO 25636 --- [g.push.receiver] com.alibaba.nacos.client.naming          : received push data: {"type":"dom","data":"{\"name\":\"DEFAULT_GROUP@@learning-service\",\"clusters\":\"DEFAULT\",\"cacheMillis\":10000,\"hosts\":[{\"instanceId\":\"192.168.150.1#8090#DEFAULT#DEFAULT_GROUP@@learning-service\",\"ip\":\"192.168.150.1\",\"port\":8090,\"weight\":1.0,\"healthy\":true,\"enabled\":true,\"ephemeral\":true,\"clusterName\":\"DEFAULT\",\"serviceName\":\"DEFAULT_GROUP@@learning-service\",\"metadata\":{\"preserved.register.source\":\"SPRING_CLOUD\"},\"instanceHeartBeatInterval\":5000,\"instanceHeartBeatTimeOut\":15000,\"ipDeleteTimeout\":30000}],\"lastRefTime\":1736175167867,\"checksum\":\"\",\"allIPs\":false,\"reachProtectionThreshold\":false,\"valid\":true}","lastRefTime":29963748838991} from /192.168.150.101
22:52:47.990-[DESKTOP-2E42067][sys]-- INFO 25636 --- [           main] o.s.a.r.c.CachingConnectionFactory       : Attempting to connect to: [192.168.150.101:5672]
22:52:48.122-[DESKTOP-2E42067][sys]-- INFO 25636 --- [           main] o.s.a.r.c.CachingConnectionFactory       : Created new connection: rabbitConnectionFactory#1cecd0a9:0/SimpleConnection@451d6bc9 [delegate=amqp://tjxt@192.168.150.101:5672//tjxt, localPort= 64836]
22:52:48.278-[DESKTOP-2E42067][sys]-- INFO 25636 --- [           main] com.itheima.MyTest                       : Started MyTest in 23.305 seconds (JVM running for 25.155)
22:52:48.286-[DESKTOP-2E42067][sys]-- INFO 25636 --- [           main] c.a.n.client.config.impl.ClientWorker    : [fixed-192.168.150.101_8848] [subscribe] learning-service-dev.yaml+DEFAULT_GROUP
22:52:48.288-[DESKTOP-2E42067][sys]-- INFO 25636 --- [           main] c.a.nacos.client.config.impl.CacheData   : [fixed-192.168.150.101_8848] [add-listener] ok, tenant=, dataId=learning-service-dev.yaml, group=DEFAULT_GROUP, cnt=1
22:52:48.288-[DESKTOP-2E42067][sys]-- INFO 25636 --- [           main] c.a.c.n.refresh.NacosContextRefresher    : listening config: dataId=learning-service-dev.yaml, group=DEFAULT_GROUP
22:52:48.289-[DESKTOP-2E42067][sys]-- INFO 25636 --- [           main] c.a.n.client.config.impl.ClientWorker    : [fixed-192.168.150.101_8848] [subscribe] learning-service.yaml+DEFAULT_GROUP
22:52:48.289-[DESKTOP-2E42067][sys]-- INFO 25636 --- [           main] c.a.nacos.client.config.impl.CacheData   : [fixed-192.168.150.101_8848] [add-listener] ok, tenant=, dataId=learning-service.yaml, group=DEFAULT_GROUP, cnt=1
22:52:48.289-[DESKTOP-2E42067][sys]-- INFO 25636 --- [           main] c.a.c.n.refresh.NacosContextRefresher    : listening config: dataId=learning-service.yaml, group=DEFAULT_GROUP
22:52:48.290-[DESKTOP-2E42067][sys]-- INFO 25636 --- [           main] c.a.n.client.config.impl.ClientWorker    : [fixed-192.168.150.101_8848] [subscribe] learning-service+DEFAULT_GROUP
22:52:48.290-[DESKTOP-2E42067][sys]-- INFO 25636 --- [           main] c.a.nacos.client.config.impl.CacheData   : [fixed-192.168.150.101_8848] [add-listener] ok, tenant=, dataId=learning-service, group=DEFAULT_GROUP, cnt=1
22:52:48.290-[DESKTOP-2E42067][sys]-- INFO 25636 --- [           main] c.a.c.n.refresh.NacosContextRefresher    : listening config: dataId=learning-service, group=DEFAULT_GROUP
22:52:49.098-[DESKTOP-2E42067][sys]-- INFO 25636 --- [           main] com.zaxxer.hikari.HikariDataSource       : HikariPool-1 - Starting...
22:52:49.537-[DESKTOP-2E42067][sys]-- INFO 25636 --- [           main] com.zaxxer.hikari.HikariDataSource       : HikariPool-1 - Start completed.
22:52:49.566-[DESKTOP-2E42067][sys]--DEBUG 25636 --- [           main] c.t.l.mapper.PointsBoardMapper.insert    : ==>  Preparing: INSERT INTO points_board3 ( id, user_id, points ) VALUES ( ?, ?, ? )
22:52:49.613-[DESKTOP-2E42067][sys]--DEBUG 25636 --- [           main] c.t.l.mapper.PointsBoardMapper.insert    : ==> Parameters: 1(Long), 2(Long), 100(Integer)
22:52:49.619-[DESKTOP-2E42067][sys]--DEBUG 25636 --- [           main] c.t.l.mapper.PointsBoardMapper.insert    : <==    Updates: 1
22:52:49.645-[DESKTOP-2E42067][sys]-- WARN 25636 --- [       Thread-1] c.a.n.common.http.HttpClientBeanHolder   : [HttpClientBeanHolder] Start destroying common HttpClient
22:52:49.645-[DESKTOP-2E42067][sys]-- WARN 25636 --- [      Thread-15] c.a.nacos.common.notify.NotifyCenter     : [NotifyCenter] Start destroying Publisher
22:52:49.646-[DESKTOP-2E42067][sys]-- WARN 25636 --- [      Thread-15] c.a.nacos.common.notify.NotifyCenter     : [NotifyCenter] Destruction of the end
22:52:49.647-[DESKTOP-2E42067][sys]-- WARN 25636 --- [       Thread-1] c.a.n.common.http.HttpClientBeanHolder   : [HttpClientBeanHolder] Destruction of the end
22:52:49.657-[DESKTOP-2E42067][sys]-- INFO 25636 --- [ntContainer#0-2] o.s.a.r.l.SimpleMessageListenerContainer : Waiting for workers to finish.
22:52:49.661-[DESKTOP-2E42067][sys]-- INFO 25636 --- [ntContainer#1-2] o.s.a.r.l.SimpleMessageListenerContainer : Waiting for workers to finish.
22:52:49.663-[DESKTOP-2E42067][sys]-- INFO 25636 --- [ntContainer#2-2] o.s.a.r.l.SimpleMessageListenerContainer : Waiting for workers to finish.
22:52:49.665-[DESKTOP-2E42067][sys]-- INFO 25636 --- [ntContainer#3-2] o.s.a.r.l.SimpleMessageListenerContainer : Waiting for workers to finish.
22:52:50.255-[DESKTOP-2E42067][sys]-- INFO 25636 --- [ntContainer#2-2] o.s.a.r.l.SimpleMessageListenerContainer : Successfully waited for workers to finish.
22:52:50.263-[DESKTOP-2E42067][sys]-- INFO 25636 --- [ntContainer#0-2] o.s.a.r.l.SimpleMessageListenerContainer : Successfully waited for workers to finish.
22:52:50.263-[DESKTOP-2E42067][sys]-- INFO 25636 --- [ntContainer#1-2] o.s.a.r.l.SimpleMessageListenerContainer : Successfully waited for workers to finish.
22:52:50.279-[DESKTOP-2E42067][sys]-- INFO 25636 --- [ntContainer#3-2] o.s.a.r.l.SimpleMessageListenerContainer : Successfully waited for workers to finish.
22:52:50.285-[DESKTOP-2E42067][sys]-- INFO 25636 --- [ionShutdownHook] com.xxl.job.core.server.EmbedServer      : >>>>>>>>>>> xxl-job remoting server destroy success.
22:52:50.285-[DESKTOP-2E42067][sys]-- INFO 25636 --- [       Thread-9] com.xxl.job.core.server.EmbedServer      : >>>>>>>>>>> xxl-job remoting server stop.
22:52:50.329-[DESKTOP-2E42067][sys]-- INFO 25636 --- [ionShutdownHook] com.alibaba.nacos.client.naming          : com.alibaba.nacos.client.naming.beat.BeatReactor do shutdown begin
22:52:50.329-[DESKTOP-2E42067][sys]-- INFO 25636 --- [ionShutdownHook] com.alibaba.nacos.client.naming          : com.alibaba.nacos.client.naming.beat.BeatReactor do shutdown stop
22:52:50.330-[DESKTOP-2E42067][sys]-- INFO 25636 --- [ionShutdownHook] com.alibaba.nacos.client.naming          : com.alibaba.nacos.client.naming.core.HostReactor do shutdown begin
22:52:53.370-[DESKTOP-2E42067][sys]-- INFO 25636 --- [ionShutdownHook] com.alibaba.nacos.client.naming          : com.alibaba.nacos.client.naming.core.PushReceiver do shutdown begin
22:52:56.415-[DESKTOP-2E42067][sys]-- INFO 25636 --- [ionShutdownHook] com.alibaba.nacos.client.naming          : com.alibaba.nacos.client.naming.core.PushReceiver do shutdown stop
22:52:56.416-[DESKTOP-2E42067][sys]-- INFO 25636 --- [ionShutdownHook] com.alibaba.nacos.client.naming          : com.alibaba.nacos.client.naming.backups.FailoverReactor do shutdown begin
22:52:57.091-[DESKTOP-2E42067][sys]-- INFO 25636 --- [ionShutdownHook] com.alibaba.nacos.client.naming          : com.alibaba.nacos.client.naming.backups.FailoverReactor do shutdown stop
22:52:57.092-[DESKTOP-2E42067][sys]-- INFO 25636 --- [ionShutdownHook] com.alibaba.nacos.client.naming          : com.alibaba.nacos.client.naming.core.HostReactor do shutdown stop
22:52:57.092-[DESKTOP-2E42067][sys]-- INFO 25636 --- [ionShutdownHook] com.alibaba.nacos.client.naming          : com.alibaba.nacos.client.naming.net.NamingProxy do shutdown begin
22:52:57.092-[DESKTOP-2E42067][sys]-- WARN 25636 --- [ionShutdownHook] com.alibaba.nacos.client.naming          : [NamingHttpClientManager] Start destroying NacosRestTemplate
22:52:57.093-[DESKTOP-2E42067][sys]-- WARN 25636 --- [ionShutdownHook] com.alibaba.nacos.client.naming          : [NamingHttpClientManager] Destruction of the end
22:52:57.093-[DESKTOP-2E42067][sys]-- INFO 25636 --- [ionShutdownHook] c.a.n.client.identify.CredentialWatcher  : [null] CredentialWatcher is stopped
22:52:57.093-[DESKTOP-2E42067][sys]-- INFO 25636 --- [ionShutdownHook] c.a.n.client.identify.CredentialService  : [null] CredentialService is freed
22:52:57.093-[DESKTOP-2E42067][sys]-- INFO 25636 --- [ionShutdownHook] com.alibaba.nacos.client.naming          : com.alibaba.nacos.client.naming.net.NamingProxy do shutdown stop
22:52:57.104-[DESKTOP-2E42067][sys]--DEBUG 25636 --- [ionShutdownHook] c.t.l.u.LearningRecordDelayTaskHandler   : 关闭学习记录处理的延迟任务
22:52:57.115-[DESKTOP-2E42067][sys]-- INFO 25636 --- [ionShutdownHook] o.s.a.r.l.SimpleMessageListenerContainer : Shutdown ignored - container is already stopped
22:52:57.115-[DESKTOP-2E42067][sys]-- INFO 25636 --- [ionShutdownHook] o.s.a.r.l.SimpleMessageListenerContainer : Shutdown ignored - container is already stopped
22:52:57.116-[DESKTOP-2E42067][sys]-- INFO 25636 --- [ionShutdownHook] o.s.a.r.l.SimpleMessageListenerContainer : Shutdown ignored - container is already stopped
22:52:57.116-[DESKTOP-2E42067][sys]-- INFO 25636 --- [ionShutdownHook] o.s.a.r.l.SimpleMessageListenerContainer : Shutdown ignored - container is already stopped
22:52:57.119-[DESKTOP-2E42067][sys]-- INFO 25636 --- [ionShutdownHook] com.zaxxer.hikari.HikariDataSource       : HikariPool-1 - Shutdown initiated...
22:52:57.134-[DESKTOP-2E42067][sys]-- INFO 25636 --- [ionShutdownHook] com.zaxxer.hikari.HikariDataSource       : HikariPool-1 - Shutdown completed.
